<?xml version="1.0" encoding="UTF-8"?>
<testng-results total="1" passed="1" failed="0" skipped="0">
  <reporter-output>
  </reporter-output>
  <suite started-at="2023-01-28T20:54:06Z" name="test.com.itexps.CalculatorsTest" finished-at="2023-01-28T20:54:07Z" duration-ms="52">
    <groups>
    </groups>
    <test started-at="2023-01-28T20:54:06Z" name="Command line test" finished-at="2023-01-28T20:54:07Z" duration-ms="52">
      <class name="test.com.itexps.CalculatorsTest">
        <test-method is-config="true" signature="setUpClass()[pri:0, instance:test.com.itexps.CalculatorsTest@52feb982]" started-at="2023-01-28T14:54:07Z" name="setUpClass" finished-at="2023-01-28T14:54:07Z" duration-ms="25" status="PASS">
          <reporter-output>
          </reporter-output>
        </test-method> <!-- setUpClass -->
        <test-method is-config="true" signature="setUpMethod()[pri:0, instance:test.com.itexps.CalculatorsTest@52feb982]" started-at="2023-01-28T14:54:07Z" name="setUpMethod" finished-at="2023-01-28T14:54:07Z" duration-ms="3" status="PASS">
          <reporter-output>
          </reporter-output>
        </test-method> <!-- setUpMethod -->
        <test-method signature="testdiv()[pri:0, instance:test.com.itexps.CalculatorsTest@52feb982]" started-at="2023-01-28T14:54:07Z" name="testdiv" finished-at="2023-01-28T14:54:07Z" duration-ms="3" status="PASS">
          <reporter-output>
          </reporter-output>
        </test-method> <!-- testdiv -->
        <test-method is-config="true" signature="tearDownMethod()[pri:0, instance:test.com.itexps.CalculatorsTest@52feb982]" started-at="2023-01-28T14:54:07Z" name="tearDownMethod" finished-at="2023-01-28T14:54:07Z" duration-ms="1" status="PASS">
          <reporter-output>
          </reporter-output>
        </test-method> <!-- tearDownMethod -->
        <test-method is-config="true" signature="tearDownClass()[pri:0, instance:test.com.itexps.CalculatorsTest@52feb982]" started-at="2023-01-28T14:54:07Z" name="tearDownClass" finished-at="2023-01-28T14:54:07Z" duration-ms="0" status="PASS">
          <reporter-output>
          </reporter-output>
        </test-method> <!-- tearDownClass -->
      </class> <!-- test.com.itexps.CalculatorsTest -->
    </test> <!-- Command line test -->
  </suite> <!-- test.com.itexps.CalculatorsTest -->
</testng-results>
